<?xml version="1.0" encoding="UTF-8"?>
<testsuite xmlns:xsi="http://www.w3.org/2001/XMLSchema-instance" xsi:noNamespaceSchemaLocation="https://maven.apache.org/surefire/maven-surefire-plugin/xsd/surefire-test-report.xsd" name="com.example.productservice.ProductServiceApplicationTests" time="14.498" tests="1" errors="0" skipped="0" failures="0">
  <properties>
    <property name="java.specification.version" value="17"/>
    <property name="sun.jnu.encoding" value="UTF-8"/>
    <property name="java.class.path" value="/home/daniel/spring/microservicos/microservices-new/product-service/target/test-classes:/home/daniel/spring/microservicos/microservices-new/product-service/target/classes:/home/daniel/.m2/repository/org/springframework/boot/spring-boot-starter-actuator/2.7.3/spring-boot-starter-actuator-2.7.3.jar:/home/daniel/.m2/repository/org/springframework/boot/spring-boot-starter/2.7.3/spring-boot-starter-2.7.3.jar:/home/daniel/.m2/repository/org/springframework/boot/spring-boot/2.7.3/spring-boot-2.7.3.jar:/home/daniel/.m2/repository/org/springframework/boot/spring-boot-autoconfigure/2.7.3/spring-boot-autoconfigure-2.7.3.jar:/home/daniel/.m2/repository/org/springframework/boot/spring-boot-starter-logging/2.7.3/spring-boot-starter-logging-2.7.3.jar:/home/daniel/.m2/repository/ch/qos/logback/logback-classic/1.2.11/logback-classic-1.2.11.jar:/home/daniel/.m2/repository/ch/qos/logback/logback-core/1.2.11/logback-core-1.2.11.jar:/home/daniel/.m2/repository/org/apache/logging/log4j/log4j-to-slf4j/2.17.2/log4j-to-slf4j-2.17.2.jar:/home/daniel/.m2/repository/org/apache/logging/log4j/log4j-api/2.17.2/log4j-api-2.17.2.jar:/home/daniel/.m2/repository/org/slf4j/jul-to-slf4j/1.7.36/jul-to-slf4j-1.7.36.jar:/home/daniel/.m2/repository/jakarta/annotation/jakarta.annotation-api/1.3.5/jakarta.annotation-api-1.3.5.jar:/home/daniel/.m2/repository/org/yaml/snakeyaml/1.30/snakeyaml-1.30.jar:/home/daniel/.m2/repository/org/springframework/boot/spring-boot-actuator-autoconfigure/2.7.3/spring-boot-actuator-autoconfigure-2.7.3.jar:/home/daniel/.m2/repository/org/springframework/boot/spring-boot-actuator/2.7.3/spring-boot-actuator-2.7.3.jar:/home/daniel/.m2/repository/com/fasterxml/jackson/core/jackson-databind/2.13.3/jackson-databind-2.13.3.jar:/home/daniel/.m2/repository/com/fasterxml/jackson/core/jackson-annotations/2.13.3/jackson-annotations-2.13.3.jar:/home/daniel/.m2/repository/com/fasterxml/jackson/core/jackson-core/2.13.3/jackson-core-2.13.3.jar:/home/daniel/.m2/repository/com/fasterxml/jackson/datatype/jackson-datatype-jsr310/2.13.3/jackson-datatype-jsr310-2.13.3.jar:/home/daniel/.m2/repository/io/micrometer/micrometer-core/1.9.3/micrometer-core-1.9.3.jar:/home/daniel/.m2/repository/org/hdrhistogram/HdrHistogram/2.1.12/HdrHistogram-2.1.12.jar:/home/daniel/.m2/repository/org/latencyutils/LatencyUtils/2.0.3/LatencyUtils-2.0.3.jar:/home/daniel/.m2/repository/org/springframework/boot/spring-boot-starter-data-mongodb/2.7.3/spring-boot-starter-data-mongodb-2.7.3.jar:/home/daniel/.m2/repository/org/mongodb/mongodb-driver-sync/4.6.1/mongodb-driver-sync-4.6.1.jar:/home/daniel/.m2/repository/org/mongodb/bson/4.6.1/bson-4.6.1.jar:/home/daniel/.m2/repository/org/mongodb/mongodb-driver-core/4.6.1/mongodb-driver-core-4.6.1.jar:/home/daniel/.m2/repository/org/mongodb/bson-record-codec/4.6.1/bson-record-codec-4.6.1.jar:/home/daniel/.m2/repository/org/springframework/data/spring-data-mongodb/3.4.2/spring-data-mongodb-3.4.2.jar:/home/daniel/.m2/repository/org/springframework/spring-tx/5.3.22/spring-tx-5.3.22.jar:/home/daniel/.m2/repository/org/springframework/spring-context/5.3.22/spring-context-5.3.22.jar:/home/daniel/.m2/repository/org/springframework/spring-beans/5.3.22/spring-beans-5.3.22.jar:/home/daniel/.m2/repository/org/springframework/spring-expression/5.3.22/spring-expression-5.3.22.jar:/home/daniel/.m2/repository/org/springframework/data/spring-data-commons/2.7.2/spring-data-commons-2.7.2.jar:/home/daniel/.m2/repository/org/slf4j/slf4j-api/1.7.36/slf4j-api-1.7.36.jar:/home/daniel/.m2/repository/org/springframework/boot/spring-boot-starter-web/2.7.3/spring-boot-starter-web-2.7.3.jar:/home/daniel/.m2/repository/org/springframework/boot/spring-boot-starter-json/2.7.3/spring-boot-starter-json-2.7.3.jar:/home/daniel/.m2/repository/com/fasterxml/jackson/datatype/jackson-datatype-jdk8/2.13.3/jackson-datatype-jdk8-2.13.3.jar:/home/daniel/.m2/repository/com/fasterxml/jackson/module/jackson-module-parameter-names/2.13.3/jackson-module-parameter-names-2.13.3.jar:/home/daniel/.m2/repository/org/springframework/boot/spring-boot-starter-tomcat/2.7.3/spring-boot-starter-tomcat-2.7.3.jar:/home/daniel/.m2/repository/org/apache/tomcat/embed/tomcat-embed-core/9.0.65/tomcat-embed-core-9.0.65.jar:/home/daniel/.m2/repository/org/apache/tomcat/embed/tomcat-embed-el/9.0.65/tomcat-embed-el-9.0.65.jar:/home/daniel/.m2/repository/org/apache/tomcat/embed/tomcat-embed-websocket/9.0.65/tomcat-embed-websocket-9.0.65.jar:/home/daniel/.m2/repository/org/springframework/spring-web/5.3.22/spring-web-5.3.22.jar:/home/daniel/.m2/repository/org/springframework/spring-webmvc/5.3.22/spring-webmvc-5.3.22.jar:/home/daniel/.m2/repository/org/springframework/spring-aop/5.3.22/spring-aop-5.3.22.jar:/home/daniel/.m2/repository/org/projectlombok/lombok/1.18.24/lombok-1.18.24.jar:/home/daniel/.m2/repository/org/springframework/boot/spring-boot-starter-test/2.7.3/spring-boot-starter-test-2.7.3.jar:/home/daniel/.m2/repository/org/springframework/boot/spring-boot-test/2.7.3/spring-boot-test-2.7.3.jar:/home/daniel/.m2/repository/org/springframework/boot/spring-boot-test-autoconfigure/2.7.3/spring-boot-test-autoconfigure-2.7.3.jar:/home/daniel/.m2/repository/com/jayway/jsonpath/json-path/2.7.0/json-path-2.7.0.jar:/home/daniel/.m2/repository/net/minidev/json-smart/2.4.8/json-smart-2.4.8.jar:/home/daniel/.m2/repository/net/minidev/accessors-smart/2.4.8/accessors-smart-2.4.8.jar:/home/daniel/.m2/repository/org/ow2/asm/asm/9.1/asm-9.1.jar:/home/daniel/.m2/repository/jakarta/xml/bind/jakarta.xml.bind-api/2.3.3/jakarta.xml.bind-api-2.3.3.jar:/home/daniel/.m2/repository/jakarta/activation/jakarta.activation-api/1.2.2/jakarta.activation-api-1.2.2.jar:/home/daniel/.m2/repository/org/assertj/assertj-core/3.22.0/assertj-core-3.22.0.jar:/home/daniel/.m2/repository/org/hamcrest/hamcrest/2.2/hamcrest-2.2.jar:/home/daniel/.m2/repository/org/junit/jupiter/junit-jupiter/5.8.2/junit-jupiter-5.8.2.jar:/home/daniel/.m2/repository/org/junit/jupiter/junit-jupiter-params/5.8.2/junit-jupiter-params-5.8.2.jar:/home/daniel/.m2/repository/org/junit/jupiter/junit-jupiter-engine/5.8.2/junit-jupiter-engine-5.8.2.jar:/home/daniel/.m2/repository/org/junit/platform/junit-platform-engine/1.8.2/junit-platform-engine-1.8.2.jar:/home/daniel/.m2/repository/org/mockito/mockito-core/4.5.1/mockito-core-4.5.1.jar:/home/daniel/.m2/repository/net/bytebuddy/byte-buddy/1.12.13/byte-buddy-1.12.13.jar:/home/daniel/.m2/repository/net/bytebuddy/byte-buddy-agent/1.12.13/byte-buddy-agent-1.12.13.jar:/home/daniel/.m2/repository/org/objenesis/objenesis/3.2/objenesis-3.2.jar:/home/daniel/.m2/repository/org/mockito/mockito-junit-jupiter/4.5.1/mockito-junit-jupiter-4.5.1.jar:/home/daniel/.m2/repository/org/skyscreamer/jsonassert/1.5.1/jsonassert-1.5.1.jar:/home/daniel/.m2/repository/com/vaadin/external/google/android-json/0.0.20131108.vaadin1/android-json-0.0.20131108.vaadin1.jar:/home/daniel/.m2/repository/org/springframework/spring-core/5.3.22/spring-core-5.3.22.jar:/home/daniel/.m2/repository/org/springframework/spring-jcl/5.3.22/spring-jcl-5.3.22.jar:/home/daniel/.m2/repository/org/springframework/spring-test/5.3.22/spring-test-5.3.22.jar:/home/daniel/.m2/repository/org/xmlunit/xmlunit-core/2.9.0/xmlunit-core-2.9.0.jar:/home/daniel/.m2/repository/org/testcontainers/mongodb/1.17.5/mongodb-1.17.5.jar:/home/daniel/.m2/repository/org/testcontainers/testcontainers/1.17.5/testcontainers-1.17.5.jar:/home/daniel/.m2/repository/junit/junit/4.13.2/junit-4.13.2.jar:/home/daniel/.m2/repository/org/hamcrest/hamcrest-core/2.2/hamcrest-core-2.2.jar:/home/daniel/.m2/repository/org/apache/commons/commons-compress/1.21/commons-compress-1.21.jar:/home/daniel/.m2/repository/org/rnorth/duct-tape/duct-tape/1.0.8/duct-tape-1.0.8.jar:/home/daniel/.m2/repository/org/jetbrains/annotations/17.0.0/annotations-17.0.0.jar:/home/daniel/.m2/repository/com/github/docker-java/docker-java-api/3.2.13/docker-java-api-3.2.13.jar:/home/daniel/.m2/repository/com/github/docker-java/docker-java-transport-zerodep/3.2.13/docker-java-transport-zerodep-3.2.13.jar:/home/daniel/.m2/repository/com/github/docker-java/docker-java-transport/3.2.13/docker-java-transport-3.2.13.jar:/home/daniel/.m2/repository/net/java/dev/jna/jna/5.8.0/jna-5.8.0.jar:/home/daniel/.m2/repository/org/testcontainers/junit-jupiter/1.17.5/junit-jupiter-1.17.5.jar:/home/daniel/.m2/repository/org/junit/jupiter/junit-jupiter-api/5.8.2/junit-jupiter-api-5.8.2.jar:/home/daniel/.m2/repository/org/opentest4j/opentest4j/1.2.0/opentest4j-1.2.0.jar:/home/daniel/.m2/repository/org/junit/platform/junit-platform-commons/1.8.2/junit-platform-commons-1.8.2.jar:/home/daniel/.m2/repository/org/apiguardian/apiguardian-api/1.1.2/apiguardian-api-1.1.2.jar:"/>
    <property name="java.vm.vendor" value="Private Build"/>
    <property name="sun.arch.data.model" value="64"/>
    <property name="java.vendor.url" value="Unknown"/>
    <property name="os.name" value="Linux"/>
    <property name="java.vm.specification.version" value="17"/>
    <property name="sun.java.launcher" value="SUN_STANDARD"/>
    <property name="sun.boot.library.path" value="/usr/lib/jvm/java-17-openjdk-amd64/lib"/>
    <property name="sun.java.command" value="/home/daniel/spring/microservicos/microservices-new/product-service/target/surefire/surefirebooter4872633724276954178.jar /home/daniel/spring/microservicos/microservices-new/product-service/target/surefire 2022-10-27T21-38-10_341-jvmRun1 surefire6449037196018042412tmp surefire_013129065029491036667tmp"/>
    <property name="jdk.debug" value="release"/>
    <property name="surefire.test.class.path" value="/home/daniel/spring/microservicos/microservices-new/product-service/target/test-classes:/home/daniel/spring/microservicos/microservices-new/product-service/target/classes:/home/daniel/.m2/repository/org/springframework/boot/spring-boot-starter-actuator/2.7.3/spring-boot-starter-actuator-2.7.3.jar:/home/daniel/.m2/repository/org/springframework/boot/spring-boot-starter/2.7.3/spring-boot-starter-2.7.3.jar:/home/daniel/.m2/repository/org/springframework/boot/spring-boot/2.7.3/spring-boot-2.7.3.jar:/home/daniel/.m2/repository/org/springframework/boot/spring-boot-autoconfigure/2.7.3/spring-boot-autoconfigure-2.7.3.jar:/home/daniel/.m2/repository/org/springframework/boot/spring-boot-starter-logging/2.7.3/spring-boot-starter-logging-2.7.3.jar:/home/daniel/.m2/repository/ch/qos/logback/logback-classic/1.2.11/logback-classic-1.2.11.jar:/home/daniel/.m2/repository/ch/qos/logback/logback-core/1.2.11/logback-core-1.2.11.jar:/home/daniel/.m2/repository/org/apache/logging/log4j/log4j-to-slf4j/2.17.2/log4j-to-slf4j-2.17.2.jar:/home/daniel/.m2/repository/org/apache/logging/log4j/log4j-api/2.17.2/log4j-api-2.17.2.jar:/home/daniel/.m2/repository/org/slf4j/jul-to-slf4j/1.7.36/jul-to-slf4j-1.7.36.jar:/home/daniel/.m2/repository/jakarta/annotation/jakarta.annotation-api/1.3.5/jakarta.annotation-api-1.3.5.jar:/home/daniel/.m2/repository/org/yaml/snakeyaml/1.30/snakeyaml-1.30.jar:/home/daniel/.m2/repository/org/springframework/boot/spring-boot-actuator-autoconfigure/2.7.3/spring-boot-actuator-autoconfigure-2.7.3.jar:/home/daniel/.m2/repository/org/springframework/boot/spring-boot-actuator/2.7.3/spring-boot-actuator-2.7.3.jar:/home/daniel/.m2/repository/com/fasterxml/jackson/core/jackson-databind/2.13.3/jackson-databind-2.13.3.jar:/home/daniel/.m2/repository/com/fasterxml/jackson/core/jackson-annotations/2.13.3/jackson-annotations-2.13.3.jar:/home/daniel/.m2/repository/com/fasterxml/jackson/core/jackson-core/2.13.3/jackson-core-2.13.3.jar:/home/daniel/.m2/repository/com/fasterxml/jackson/datatype/jackson-datatype-jsr310/2.13.3/jackson-datatype-jsr310-2.13.3.jar:/home/daniel/.m2/repository/io/micrometer/micrometer-core/1.9.3/micrometer-core-1.9.3.jar:/home/daniel/.m2/repository/org/hdrhistogram/HdrHistogram/2.1.12/HdrHistogram-2.1.12.jar:/home/daniel/.m2/repository/org/latencyutils/LatencyUtils/2.0.3/LatencyUtils-2.0.3.jar:/home/daniel/.m2/repository/org/springframework/boot/spring-boot-starter-data-mongodb/2.7.3/spring-boot-starter-data-mongodb-2.7.3.jar:/home/daniel/.m2/repository/org/mongodb/mongodb-driver-sync/4.6.1/mongodb-driver-sync-4.6.1.jar:/home/daniel/.m2/repository/org/mongodb/bson/4.6.1/bson-4.6.1.jar:/home/daniel/.m2/repository/org/mongodb/mongodb-driver-core/4.6.1/mongodb-driver-core-4.6.1.jar:/home/daniel/.m2/repository/org/mongodb/bson-record-codec/4.6.1/bson-record-codec-4.6.1.jar:/home/daniel/.m2/repository/org/springframework/data/spring-data-mongodb/3.4.2/spring-data-mongodb-3.4.2.jar:/home/daniel/.m2/repository/org/springframework/spring-tx/5.3.22/spring-tx-5.3.22.jar:/home/daniel/.m2/repository/org/springframework/spring-context/5.3.22/spring-context-5.3.22.jar:/home/daniel/.m2/repository/org/springframework/spring-beans/5.3.22/spring-beans-5.3.22.jar:/home/daniel/.m2/repository/org/springframework/spring-expression/5.3.22/spring-expression-5.3.22.jar:/home/daniel/.m2/repository/org/springframework/data/spring-data-commons/2.7.2/spring-data-commons-2.7.2.jar:/home/daniel/.m2/repository/org/slf4j/slf4j-api/1.7.36/slf4j-api-1.7.36.jar:/home/daniel/.m2/repository/org/springframework/boot/spring-boot-starter-web/2.7.3/spring-boot-starter-web-2.7.3.jar:/home/daniel/.m2/repository/org/springframework/boot/spring-boot-starter-json/2.7.3/spring-boot-starter-json-2.7.3.jar:/home/daniel/.m2/repository/com/fasterxml/jackson/datatype/jackson-datatype-jdk8/2.13.3/jackson-datatype-jdk8-2.13.3.jar:/home/daniel/.m2/repository/com/fasterxml/jackson/module/jackson-module-parameter-names/2.13.3/jackson-module-parameter-names-2.13.3.jar:/home/daniel/.m2/repository/org/springframework/boot/spring-boot-starter-tomcat/2.7.3/spring-boot-starter-tomcat-2.7.3.jar:/home/daniel/.m2/repository/org/apache/tomcat/embed/tomcat-embed-core/9.0.65/tomcat-embed-core-9.0.65.jar:/home/daniel/.m2/repository/org/apache/tomcat/embed/tomcat-embed-el/9.0.65/tomcat-embed-el-9.0.65.jar:/home/daniel/.m2/repository/org/apache/tomcat/embed/tomcat-embed-websocket/9.0.65/tomcat-embed-websocket-9.0.65.jar:/home/daniel/.m2/repository/org/springframework/spring-web/5.3.22/spring-web-5.3.22.jar:/home/daniel/.m2/repository/org/springframework/spring-webmvc/5.3.22/spring-webmvc-5.3.22.jar:/home/daniel/.m2/repository/org/springframework/spring-aop/5.3.22/spring-aop-5.3.22.jar:/home/daniel/.m2/repository/org/projectlombok/lombok/1.18.24/lombok-1.18.24.jar:/home/daniel/.m2/repository/org/springframework/boot/spring-boot-starter-test/2.7.3/spring-boot-starter-test-2.7.3.jar:/home/daniel/.m2/repository/org/springframework/boot/spring-boot-test/2.7.3/spring-boot-test-2.7.3.jar:/home/daniel/.m2/repository/org/springframework/boot/spring-boot-test-autoconfigure/2.7.3/spring-boot-test-autoconfigure-2.7.3.jar:/home/daniel/.m2/repository/com/jayway/jsonpath/json-path/2.7.0/json-path-2.7.0.jar:/home/daniel/.m2/repository/net/minidev/json-smart/2.4.8/json-smart-2.4.8.jar:/home/daniel/.m2/repository/net/minidev/accessors-smart/2.4.8/accessors-smart-2.4.8.jar:/home/daniel/.m2/repository/org/ow2/asm/asm/9.1/asm-9.1.jar:/home/daniel/.m2/repository/jakarta/xml/bind/jakarta.xml.bind-api/2.3.3/jakarta.xml.bind-api-2.3.3.jar:/home/daniel/.m2/repository/jakarta/activation/jakarta.activation-api/1.2.2/jakarta.activation-api-1.2.2.jar:/home/daniel/.m2/repository/org/assertj/assertj-core/3.22.0/assertj-core-3.22.0.jar:/home/daniel/.m2/repository/org/hamcrest/hamcrest/2.2/hamcrest-2.2.jar:/home/daniel/.m2/repository/org/junit/jupiter/junit-jupiter/5.8.2/junit-jupiter-5.8.2.jar:/home/daniel/.m2/repository/org/junit/jupiter/junit-jupiter-params/5.8.2/junit-jupiter-params-5.8.2.jar:/home/daniel/.m2/repository/org/junit/jupiter/junit-jupiter-engine/5.8.2/junit-jupiter-engine-5.8.2.jar:/home/daniel/.m2/repository/org/junit/platform/junit-platform-engine/1.8.2/junit-platform-engine-1.8.2.jar:/home/daniel/.m2/repository/org/mockito/mockito-core/4.5.1/mockito-core-4.5.1.jar:/home/daniel/.m2/repository/net/bytebuddy/byte-buddy/1.12.13/byte-buddy-1.12.13.jar:/home/daniel/.m2/repository/net/bytebuddy/byte-buddy-agent/1.12.13/byte-buddy-agent-1.12.13.jar:/home/daniel/.m2/repository/org/objenesis/objenesis/3.2/objenesis-3.2.jar:/home/daniel/.m2/repository/org/mockito/mockito-junit-jupiter/4.5.1/mockito-junit-jupiter-4.5.1.jar:/home/daniel/.m2/repository/org/skyscreamer/jsonassert/1.5.1/jsonassert-1.5.1.jar:/home/daniel/.m2/repository/com/vaadin/external/google/android-json/0.0.20131108.vaadin1/android-json-0.0.20131108.vaadin1.jar:/home/daniel/.m2/repository/org/springframework/spring-core/5.3.22/spring-core-5.3.22.jar:/home/daniel/.m2/repository/org/springframework/spring-jcl/5.3.22/spring-jcl-5.3.22.jar:/home/daniel/.m2/repository/org/springframework/spring-test/5.3.22/spring-test-5.3.22.jar:/home/daniel/.m2/repository/org/xmlunit/xmlunit-core/2.9.0/xmlunit-core-2.9.0.jar:/home/daniel/.m2/repository/org/testcontainers/mongodb/1.17.5/mongodb-1.17.5.jar:/home/daniel/.m2/repository/org/testcontainers/testcontainers/1.17.5/testcontainers-1.17.5.jar:/home/daniel/.m2/repository/junit/junit/4.13.2/junit-4.13.2.jar:/home/daniel/.m2/repository/org/hamcrest/hamcrest-core/2.2/hamcrest-core-2.2.jar:/home/daniel/.m2/repository/org/apache/commons/commons-compress/1.21/commons-compress-1.21.jar:/home/daniel/.m2/repository/org/rnorth/duct-tape/duct-tape/1.0.8/duct-tape-1.0.8.jar:/home/daniel/.m2/repository/org/jetbrains/annotations/17.0.0/annotations-17.0.0.jar:/home/daniel/.m2/repository/com/github/docker-java/docker-java-api/3.2.13/docker-java-api-3.2.13.jar:/home/daniel/.m2/repository/com/github/docker-java/docker-java-transport-zerodep/3.2.13/docker-java-transport-zerodep-3.2.13.jar:/home/daniel/.m2/repository/com/github/docker-java/docker-java-transport/3.2.13/docker-java-transport-3.2.13.jar:/home/daniel/.m2/repository/net/java/dev/jna/jna/5.8.0/jna-5.8.0.jar:/home/daniel/.m2/repository/org/testcontainers/junit-jupiter/1.17.5/junit-jupiter-1.17.5.jar:/home/daniel/.m2/repository/org/junit/jupiter/junit-jupiter-api/5.8.2/junit-jupiter-api-5.8.2.jar:/home/daniel/.m2/repository/org/opentest4j/opentest4j/1.2.0/opentest4j-1.2.0.jar:/home/daniel/.m2/repository/org/junit/platform/junit-platform-commons/1.8.2/junit-platform-commons-1.8.2.jar:/home/daniel/.m2/repository/org/apiguardian/apiguardian-api/1.1.2/apiguardian-api-1.1.2.jar:"/>
    <property name="sun.cpu.endian" value="little"/>
    <property name="user.home" value="/home/daniel"/>
    <property name="user.language" value="en"/>
    <property name="java.specification.vendor" value="Oracle Corporation"/>
    <property name="java.version.date" value="2022-07-19"/>
    <property name="java.home" value="/usr/lib/jvm/java-17-openjdk-amd64"/>
    <property name="file.separator" value="/"/>
    <property name="basedir" value="/home/daniel/spring/microservicos/microservices-new/product-service"/>
    <property name="java.vm.compressedOopsMode" value="Zero based"/>
    <property name="line.separator" value="&#10;"/>
    <property name="java.vm.specification.vendor" value="Oracle Corporation"/>
    <property name="java.specification.name" value="Java Platform API Specification"/>
    <property name="surefire.real.class.path" value="/home/daniel/spring/microservicos/microservices-new/product-service/target/surefire/surefirebooter4872633724276954178.jar"/>
    <property name="sun.management.compiler" value="HotSpot 64-Bit Tiered Compilers"/>
    <property name="java.runtime.version" value="17.0.4+8-Ubuntu-120.04"/>
    <property name="user.name" value="daniel"/>
    <property name="path.separator" value=":"/>
    <property name="os.version" value="5.10.16.3-microsoft-standard-WSL2"/>
    <property name="java.runtime.name" value="OpenJDK Runtime Environment"/>
    <property name="file.encoding" value="UTF-8"/>
    <property name="java.vm.name" value="OpenJDK 64-Bit Server VM"/>
    <property name="maven.ext.class.path" value="/mnt/c/Program Files/JetBrains/IntelliJ IDEA Community Edition 2022.2.3/plugins/maven/lib/maven-event-listener.jar"/>
    <property name="localRepository" value="/home/daniel/.m2/repository"/>
    <property name="java.vendor.url.bug" value="Unknown"/>
    <property name="java.io.tmpdir" value="/tmp"/>
    <property name="java.version" value="17.0.4"/>
    <property name="user.dir" value="/home/daniel/spring/microservicos/microservices-new/product-service"/>
    <property name="os.arch" value="amd64"/>
    <property name="java.vm.specification.name" value="Java Virtual Machine Specification"/>
    <property name="native.encoding" value="UTF-8"/>
    <property name="java.library.path" value="/usr/java/packages/lib:/usr/lib/x86_64-linux-gnu/jni:/lib/x86_64-linux-gnu:/usr/lib/x86_64-linux-gnu:/usr/lib/jni:/lib:/usr/lib"/>
    <property name="java.vm.info" value="mixed mode, sharing"/>
    <property name="java.vendor" value="Private Build"/>
    <property name="java.vm.version" value="17.0.4+8-Ubuntu-120.04"/>
    <property name="sun.io.unicode.encoding" value="UnicodeLittle"/>
    <property name="java.class.version" value="61.0"/>
  </properties>
  <testcase name="contedeveCriarUmProduto" classname="com.example.productservice.ProductServiceApplicationTests" time="0.765"/>
</testsuite>